<?xml version="1.0" encoding="UTF-8"?>
<testsuite name="net.nas.SocketTest" tests="5" skipped="0" failures="2" errors="0" timestamp="2025-06-05T08:48:51.437Z" hostname="lenovo" time="0.582">
  <properties/>
  <testcase name="testTimedoutAccept" classname="net.nas.SocketTest" time="0.489">
    <failure message="java.lang.AssertionError: JPF failed to catch exception executing: +search.multiple_errors = true +vm.process_finalizers = true +vm.nas.initiating_target = 0 :expected java.net.SocketTimeoutException" type="java.lang.AssertionError">java.lang.AssertionError: JPF failed to catch exception executing: +search.multiple_errors = true +vm.process_finalizers = true +vm.nas.initiating_target = 0 :expected java.net.SocketTimeoutException
	at gov.nasa.jpf.util.test.TestJPF.fail(TestJPF.java:164)
	at gov.nasa.jpf.util.test.TestJPF.fail(TestJPF.java:156)
	at gov.nasa.jpf.util.test.TestJPF.unhandledException(TestJPF.java:880)
	at gov.nasa.jpf.util.test.TestMultiProcessJPF.mpVerifyUnhandledException(TestMultiProcessJPF.java:92)
	at net.nas.SocketTest.testTimedoutAccept(SocketTest.java:63)
	at java.base/jdk.internal.reflect.DirectMethodHandleAccessor.invoke(DirectMethodHandleAccessor.java:103)
	at java.base/java.lang.reflect.Method.invoke(Method.java:580)
	at org.junit.runners.model.FrameworkMethod$1.runReflectiveCall(FrameworkMethod.java:59)
	at org.junit.internal.runners.model.ReflectiveCallable.run(ReflectiveCallable.java:12)
	at org.junit.runners.model.FrameworkMethod.invokeExplosively(FrameworkMethod.java:56)
	at org.junit.internal.runners.statements.InvokeMethod.evaluate(InvokeMethod.java:17)
	at org.junit.runners.ParentRunner$3.evaluate(ParentRunner.java:306)
	at org.junit.runners.BlockJUnit4ClassRunner$1.evaluate(BlockJUnit4ClassRunner.java:100)
	at org.junit.runners.ParentRunner.runLeaf(ParentRunner.java:366)
	at org.junit.runners.BlockJUnit4ClassRunner.runChild(BlockJUnit4ClassRunner.java:103)
	at org.junit.runners.BlockJUnit4ClassRunner.runChild(BlockJUnit4ClassRunner.java:63)
	at org.junit.runners.ParentRunner$4.run(ParentRunner.java:331)
	at org.junit.runners.ParentRunner$1.schedule(ParentRunner.java:79)
	at org.junit.runners.ParentRunner.runChildren(ParentRunner.java:329)
	at org.junit.runners.ParentRunner.access$100(ParentRunner.java:66)
	at org.junit.runners.ParentRunner$2.evaluate(ParentRunner.java:293)
	at org.junit.runners.ParentRunner$3.evaluate(ParentRunner.java:306)
	at org.junit.runners.ParentRunner.run(ParentRunner.java:413)
	at org.gradle.api.internal.tasks.testing.junit.JUnitTestClassExecutor.runTestClass(JUnitTestClassExecutor.java:112)
	at org.gradle.api.internal.tasks.testing.junit.JUnitTestClassExecutor.execute(JUnitTestClassExecutor.java:58)
	at org.gradle.api.internal.tasks.testing.junit.JUnitTestClassExecutor.execute(JUnitTestClassExecutor.java:40)
	at org.gradle.api.internal.tasks.testing.junit.AbstractJUnitTestClassProcessor.processTestClass(AbstractJUnitTestClassProcessor.java:54)
	at org.gradle.api.internal.tasks.testing.SuiteTestClassProcessor.processTestClass(SuiteTestClassProcessor.java:53)
	at java.base/jdk.internal.reflect.DirectMethodHandleAccessor.invoke(DirectMethodHandleAccessor.java:103)
	at java.base/java.lang.reflect.Method.invoke(Method.java:580)
	at org.gradle.internal.dispatch.ReflectionDispatch.dispatch(ReflectionDispatch.java:36)
	at org.gradle.internal.dispatch.ReflectionDispatch.dispatch(ReflectionDispatch.java:24)
	at org.gradle.internal.dispatch.ContextClassLoaderDispatch.dispatch(ContextClassLoaderDispatch.java:33)
	at org.gradle.internal.dispatch.ProxyDispatchAdapter$DispatchingInvocationHandler.invoke(ProxyDispatchAdapter.java:92)
	at jdk.proxy2/jdk.proxy2.$Proxy6.processTestClass(Unknown Source)
	at org.gradle.api.internal.tasks.testing.worker.TestWorker$2.run(TestWorker.java:183)
	at org.gradle.api.internal.tasks.testing.worker.TestWorker.executeAndMaintainThreadName(TestWorker.java:132)
	at org.gradle.api.internal.tasks.testing.worker.TestWorker.execute(TestWorker.java:103)
	at org.gradle.api.internal.tasks.testing.worker.TestWorker.execute(TestWorker.java:63)
	at org.gradle.process.internal.worker.child.ActionExecutionWorker.execute(ActionExecutionWorker.java:56)
	at org.gradle.process.internal.worker.child.SystemApplicationClassLoaderWorker.call(SystemApplicationClassLoaderWorker.java:121)
	at org.gradle.process.internal.worker.child.SystemApplicationClassLoaderWorker.call(SystemApplicationClassLoaderWorker.java:71)
	at worker.org.gradle.process.internal.worker.GradleWorkerMain.run(GradleWorkerMain.java:69)
	at worker.org.gradle.process.internal.worker.GradleWorkerMain.main(GradleWorkerMain.java:74)
</failure>
  </testcase>
  <testcase name="testTimedoutRead" classname="net.nas.SocketTest" time="0.024"/>
  <testcase name="testHash" classname="net.nas.SocketTest" time="0.023"/>
  <testcase name="testEstablishingConnection" classname="net.nas.SocketTest" time="0.024"/>
  <testcase name="testDeadlockForBlockedFinalizer_MulitProcessVM" classname="net.nas.SocketTest" time="0.021">
    <failure message="java.lang.AssertionError: JPF failed to detect error: gov.nasa.jpf.vm.NotDeadlockedProperty" type="java.lang.AssertionError">java.lang.AssertionError: JPF failed to detect error: gov.nasa.jpf.vm.NotDeadlockedProperty
	at gov.nasa.jpf.util.test.TestJPF.fail(TestJPF.java:164)
	at gov.nasa.jpf.util.test.TestJPF.propertyViolation(TestJPF.java:989)
	at gov.nasa.jpf.util.test.TestMultiProcessJPF.mpVerifyDeadlock(TestMultiProcessJPF.java:141)
	at net.nas.SocketTest.testDeadlockForBlockedFinalizer_MulitProcessVM(SocketTest.java:166)
	at java.base/jdk.internal.reflect.DirectMethodHandleAccessor.invoke(DirectMethodHandleAccessor.java:103)
	at java.base/java.lang.reflect.Method.invoke(Method.java:580)
	at org.junit.runners.model.FrameworkMethod$1.runReflectiveCall(FrameworkMethod.java:59)
	at org.junit.internal.runners.model.ReflectiveCallable.run(ReflectiveCallable.java:12)
	at org.junit.runners.model.FrameworkMethod.invokeExplosively(FrameworkMethod.java:56)
	at org.junit.internal.runners.statements.InvokeMethod.evaluate(InvokeMethod.java:17)
	at org.junit.runners.ParentRunner$3.evaluate(ParentRunner.java:306)
	at org.junit.runners.BlockJUnit4ClassRunner$1.evaluate(BlockJUnit4ClassRunner.java:100)
	at org.junit.runners.ParentRunner.runLeaf(ParentRunner.java:366)
	at org.junit.runners.BlockJUnit4ClassRunner.runChild(BlockJUnit4ClassRunner.java:103)
	at org.junit.runners.BlockJUnit4ClassRunner.runChild(BlockJUnit4ClassRunner.java:63)
	at org.junit.runners.ParentRunner$4.run(ParentRunner.java:331)
	at org.junit.runners.ParentRunner$1.schedule(ParentRunner.java:79)
	at org.junit.runners.ParentRunner.runChildren(ParentRunner.java:329)
	at org.junit.runners.ParentRunner.access$100(ParentRunner.java:66)
	at org.junit.runners.ParentRunner$2.evaluate(ParentRunner.java:293)
	at org.junit.runners.ParentRunner$3.evaluate(ParentRunner.java:306)
	at org.junit.runners.ParentRunner.run(ParentRunner.java:413)
	at org.gradle.api.internal.tasks.testing.junit.JUnitTestClassExecutor.runTestClass(JUnitTestClassExecutor.java:112)
	at org.gradle.api.internal.tasks.testing.junit.JUnitTestClassExecutor.execute(JUnitTestClassExecutor.java:58)
	at org.gradle.api.internal.tasks.testing.junit.JUnitTestClassExecutor.execute(JUnitTestClassExecutor.java:40)
	at org.gradle.api.internal.tasks.testing.junit.AbstractJUnitTestClassProcessor.processTestClass(AbstractJUnitTestClassProcessor.java:54)
	at org.gradle.api.internal.tasks.testing.SuiteTestClassProcessor.processTestClass(SuiteTestClassProcessor.java:53)
	at java.base/jdk.internal.reflect.DirectMethodHandleAccessor.invoke(DirectMethodHandleAccessor.java:103)
	at java.base/java.lang.reflect.Method.invoke(Method.java:580)
	at org.gradle.internal.dispatch.ReflectionDispatch.dispatch(ReflectionDispatch.java:36)
	at org.gradle.internal.dispatch.ReflectionDispatch.dispatch(ReflectionDispatch.java:24)
	at org.gradle.internal.dispatch.ContextClassLoaderDispatch.dispatch(ContextClassLoaderDispatch.java:33)
	at org.gradle.internal.dispatch.ProxyDispatchAdapter$DispatchingInvocationHandler.invoke(ProxyDispatchAdapter.java:92)
	at jdk.proxy2/jdk.proxy2.$Proxy6.processTestClass(Unknown Source)
	at org.gradle.api.internal.tasks.testing.worker.TestWorker$2.run(TestWorker.java:183)
	at org.gradle.api.internal.tasks.testing.worker.TestWorker.executeAndMaintainThreadName(TestWorker.java:132)
	at org.gradle.api.internal.tasks.testing.worker.TestWorker.execute(TestWorker.java:103)
	at org.gradle.api.internal.tasks.testing.worker.TestWorker.execute(TestWorker.java:63)
	at org.gradle.process.internal.worker.child.ActionExecutionWorker.execute(ActionExecutionWorker.java:56)
	at org.gradle.process.internal.worker.child.SystemApplicationClassLoaderWorker.call(SystemApplicationClassLoaderWorker.java:121)
	at org.gradle.process.internal.worker.child.SystemApplicationClassLoaderWorker.call(SystemApplicationClassLoaderWorker.java:71)
	at worker.org.gradle.process.internal.worker.GradleWorkerMain.run(GradleWorkerMain.java:69)
	at worker.org.gradle.process.internal.worker.GradleWorkerMain.main(GradleWorkerMain.java:74)
</failure>
  </testcase>
  <system-out><![CDATA[  running jpf with args: +search.multiple_errors = true +vm.process_finalizers = true +vm.nas.initiating_target = 0
[SEVERE] cannot load system class java.lang.invoke.StringConcatFactory
  running jpf with args: +search.multiple_errors = true +vm.process_finalizers = true +vm.nas.initiating_target = 0
[SEVERE] cannot load system class java.lang.invoke.StringConcatFactory
  running jpf with args: +search.multiple_errors = true +vm.process_finalizers = true +vm.nas.initiating_target = 0
[SEVERE] cannot load system class java.lang.invoke.StringConcatFactory
  running jpf with args: +search.multiple_errors = true +vm.process_finalizers = true +vm.nas.initiating_target = 0
[SEVERE] cannot load system class java.lang.invoke.StringConcatFactory
  running jpf with args: +vm.process_finalizers=true
[SEVERE] cannot load system class java.lang.invoke.StringConcatFactory
]]></system-out>
  <system-err><![CDATA[gov.nasa.jpf.vm.ClassInfoException: error parsing class
	at gov.nasa.jpf.vm.ClassLoaderInfo.getResolvedClassInfo(ClassLoaderInfo.java:359)
	at gov.nasa.jpf.vm.SystemClassLoaderInfo.getResolvedClassInfo(SystemClassLoaderInfo.java:148)
	at gov.nasa.jpf.vm.ClassLoaderInfo.getCurrentResolvedClassInfo(ClassLoaderInfo.java:152)
	at gov.nasa.jpf.jvm.JVMClassInfo$Initializer.setBootstrapMethod(JVMClassInfo.java:178)
	at gov.nasa.jpf.jvm.ClassFile.setBootstrapMethod(ClassFile.java:695)
	at gov.nasa.jpf.jvm.ClassFile.parseBootstrapMethodAttr(ClassFile.java:1532)
	at gov.nasa.jpf.jvm.JVMClassInfo$Initializer.setClassAttribute(JVMClassInfo.java:112)
	at gov.nasa.jpf.jvm.ClassFile.setClassAttribute(ClassFile.java:672)
	at gov.nasa.jpf.jvm.ClassFile.parseClassAttributes(ClassFile.java:1415)
	at gov.nasa.jpf.jvm.ClassFile.parse(ClassFile.java:984)
	at gov.nasa.jpf.jvm.JVMClassInfo$Initializer.<init>(JVMClassInfo.java:80)
	at gov.nasa.jpf.jvm.JVMClassInfo.<init>(JVMClassInfo.java:770)
	at gov.nasa.jpf.jvm.JVMClassFileContainer$JVMClassFileMatch.createClassInfo(JVMClassFileContainer.java:59)
	at gov.nasa.jpf.jvm.JVMClassFileContainer$JVMClassFileMatch.createClassInfo(JVMClassFileContainer.java:34)
	at gov.nasa.jpf.vm.ClassLoaderInfo.getResolvedClassInfo(ClassLoaderInfo.java:356)
	at gov.nasa.jpf.vm.SystemClassLoaderInfo.getResolvedClassInfo(SystemClassLoaderInfo.java:148)
	at gov.nasa.jpf.vm.VM.getStartupSystemClassInfos(VM.java:444)
	at gov.nasa.jpf.vm.VM.initializeMainThread(VM.java:563)
	at gov.nasa.jpf.vm.MultiProcessVM.initialize(MultiProcessVM.java:187)
	at gov.nasa.jpf.JPF.run(JPF.java:611)
	at gov.nasa.jpf.util.test.TestJPF.createAndRunJPF(TestJPF.java:675)
	at gov.nasa.jpf.util.test.TestJPF.unhandledException(TestJPF.java:849)
	at gov.nasa.jpf.util.test.TestMultiProcessJPF.mpVerifyUnhandledException(TestMultiProcessJPF.java:92)
	at net.nas.SocketTest.testTimedoutAccept(SocketTest.java:63)
	at java.base/jdk.internal.reflect.DirectMethodHandleAccessor.invoke(DirectMethodHandleAccessor.java:103)
	at java.base/java.lang.reflect.Method.invoke(Method.java:580)
	at org.junit.runners.model.FrameworkMethod$1.runReflectiveCall(FrameworkMethod.java:59)
	at org.junit.internal.runners.model.ReflectiveCallable.run(ReflectiveCallable.java:12)
	at org.junit.runners.model.FrameworkMethod.invokeExplosively(FrameworkMethod.java:56)
	at org.junit.internal.runners.statements.InvokeMethod.evaluate(InvokeMethod.java:17)
	at org.junit.runners.ParentRunner$3.evaluate(ParentRunner.java:306)
	at org.junit.runners.BlockJUnit4ClassRunner$1.evaluate(BlockJUnit4ClassRunner.java:100)
	at org.junit.runners.ParentRunner.runLeaf(ParentRunner.java:366)
	at org.junit.runners.BlockJUnit4ClassRunner.runChild(BlockJUnit4ClassRunner.java:103)
	at org.junit.runners.BlockJUnit4ClassRunner.runChild(BlockJUnit4ClassRunner.java:63)
	at org.junit.runners.ParentRunner$4.run(ParentRunner.java:331)
	at org.junit.runners.ParentRunner$1.schedule(ParentRunner.java:79)
	at org.junit.runners.ParentRunner.runChildren(ParentRunner.java:329)
	at org.junit.runners.ParentRunner.access$100(ParentRunner.java:66)
	at org.junit.runners.ParentRunner$2.evaluate(ParentRunner.java:293)
	at org.junit.runners.ParentRunner$3.evaluate(ParentRunner.java:306)
	at org.junit.runners.ParentRunner.run(ParentRunner.java:413)
	at org.gradle.api.internal.tasks.testing.junit.JUnitTestClassExecutor.runTestClass(JUnitTestClassExecutor.java:112)
	at org.gradle.api.internal.tasks.testing.junit.JUnitTestClassExecutor.execute(JUnitTestClassExecutor.java:58)
	at org.gradle.api.internal.tasks.testing.junit.JUnitTestClassExecutor.execute(JUnitTestClassExecutor.java:40)
	at org.gradle.api.internal.tasks.testing.junit.AbstractJUnitTestClassProcessor.processTestClass(AbstractJUnitTestClassProcessor.java:54)
	at org.gradle.api.internal.tasks.testing.SuiteTestClassProcessor.processTestClass(SuiteTestClassProcessor.java:53)
	at java.base/jdk.internal.reflect.DirectMethodHandleAccessor.invoke(DirectMethodHandleAccessor.java:103)
	at java.base/java.lang.reflect.Method.invoke(Method.java:580)
	at org.gradle.internal.dispatch.ReflectionDispatch.dispatch(ReflectionDispatch.java:36)
	at org.gradle.internal.dispatch.ReflectionDispatch.dispatch(ReflectionDispatch.java:24)
	at org.gradle.internal.dispatch.ContextClassLoaderDispatch.dispatch(ContextClassLoaderDispatch.java:33)
	at org.gradle.internal.dispatch.ProxyDispatchAdapter$DispatchingInvocationHandler.invoke(ProxyDispatchAdapter.java:92)
	at jdk.proxy2/jdk.proxy2.$Proxy6.processTestClass(Unknown Source)
	at org.gradle.api.internal.tasks.testing.worker.TestWorker$2.run(TestWorker.java:183)
	at org.gradle.api.internal.tasks.testing.worker.TestWorker.executeAndMaintainThreadName(TestWorker.java:132)
	at org.gradle.api.internal.tasks.testing.worker.TestWorker.execute(TestWorker.java:103)
	at org.gradle.api.internal.tasks.testing.worker.TestWorker.execute(TestWorker.java:63)
	at org.gradle.process.internal.worker.child.ActionExecutionWorker.execute(ActionExecutionWorker.java:56)
	at org.gradle.process.internal.worker.child.SystemApplicationClassLoaderWorker.call(SystemApplicationClassLoaderWorker.java:121)
	at org.gradle.process.internal.worker.child.SystemApplicationClassLoaderWorker.call(SystemApplicationClassLoaderWorker.java:71)
	at worker.org.gradle.process.internal.worker.GradleWorkerMain.run(GradleWorkerMain.java:69)
	at worker.org.gradle.process.internal.worker.GradleWorkerMain.main(GradleWorkerMain.java:74)
Caused by: gov.nasa.jpf.vm.ClassParseException: Unsupported class file version: 67
	at gov.nasa.jpf.util.BinaryClassSource.error(BinaryClassSource.java:264)
	at gov.nasa.jpf.jvm.ClassFile.parse(ClassFile.java:950)
	at gov.nasa.jpf.jvm.JVMClassInfo$Initializer.<init>(JVMClassInfo.java:80)
	at gov.nasa.jpf.jvm.JVMClassInfo.<init>(JVMClassInfo.java:770)
	at gov.nasa.jpf.jvm.JVMClassFileContainer$JVMClassFileMatch.createClassInfo(JVMClassFileContainer.java:59)
	at gov.nasa.jpf.jvm.JVMClassFileContainer$JVMClassFileMatch.createClassInfo(JVMClassFileContainer.java:34)
	at gov.nasa.jpf.vm.ClassLoaderInfo.getResolvedClassInfo(ClassLoaderInfo.java:356)
	... 62 more
gov.nasa.jpf.vm.ClassInfoException: error parsing class
	at gov.nasa.jpf.vm.ClassLoaderInfo.getResolvedClassInfo(ClassLoaderInfo.java:359)
	at gov.nasa.jpf.vm.SystemClassLoaderInfo.getResolvedClassInfo(SystemClassLoaderInfo.java:148)
	at gov.nasa.jpf.vm.ClassLoaderInfo.getCurrentResolvedClassInfo(ClassLoaderInfo.java:152)
	at gov.nasa.jpf.jvm.JVMClassInfo$Initializer.setBootstrapMethod(JVMClassInfo.java:178)
	at gov.nasa.jpf.jvm.ClassFile.setBootstrapMethod(ClassFile.java:695)
	at gov.nasa.jpf.jvm.ClassFile.parseBootstrapMethodAttr(ClassFile.java:1532)
	at gov.nasa.jpf.jvm.JVMClassInfo$Initializer.setClassAttribute(JVMClassInfo.java:112)
	at gov.nasa.jpf.jvm.ClassFile.setClassAttribute(ClassFile.java:672)
	at gov.nasa.jpf.jvm.ClassFile.parseClassAttributes(ClassFile.java:1415)
	at gov.nasa.jpf.jvm.ClassFile.parse(ClassFile.java:984)
	at gov.nasa.jpf.jvm.JVMClassInfo$Initializer.<init>(JVMClassInfo.java:80)
	at gov.nasa.jpf.jvm.JVMClassInfo.<init>(JVMClassInfo.java:770)
	at gov.nasa.jpf.jvm.JVMClassFileContainer$JVMClassFileMatch.createClassInfo(JVMClassFileContainer.java:59)
	at gov.nasa.jpf.jvm.JVMClassFileContainer$JVMClassFileMatch.createClassInfo(JVMClassFileContainer.java:34)
	at gov.nasa.jpf.vm.ClassLoaderInfo.getResolvedClassInfo(ClassLoaderInfo.java:356)
	at gov.nasa.jpf.vm.SystemClassLoaderInfo.getResolvedClassInfo(SystemClassLoaderInfo.java:148)
	at gov.nasa.jpf.vm.VM.getStartupSystemClassInfos(VM.java:444)
	at gov.nasa.jpf.vm.VM.initializeMainThread(VM.java:563)
	at gov.nasa.jpf.vm.MultiProcessVM.initialize(MultiProcessVM.java:187)
	at gov.nasa.jpf.JPF.run(JPF.java:611)
	at gov.nasa.jpf.util.test.TestJPF.createAndRunJPF(TestJPF.java:675)
	at gov.nasa.jpf.util.test.TestJPF.noPropertyViolation(TestJPF.java:806)
	at gov.nasa.jpf.util.test.TestMultiProcessJPF.mpVerifyNoPropertyViolation(TestMultiProcessJPF.java:72)
	at net.nas.SocketTest.testTimedoutRead(SocketTest.java:117)
	at java.base/jdk.internal.reflect.DirectMethodHandleAccessor.invoke(DirectMethodHandleAccessor.java:103)
	at java.base/java.lang.reflect.Method.invoke(Method.java:580)
	at org.junit.runners.model.FrameworkMethod$1.runReflectiveCall(FrameworkMethod.java:59)
	at org.junit.internal.runners.model.ReflectiveCallable.run(ReflectiveCallable.java:12)
	at org.junit.runners.model.FrameworkMethod.invokeExplosively(FrameworkMethod.java:56)
	at org.junit.internal.runners.statements.InvokeMethod.evaluate(InvokeMethod.java:17)
	at org.junit.runners.ParentRunner$3.evaluate(ParentRunner.java:306)
	at org.junit.runners.BlockJUnit4ClassRunner$1.evaluate(BlockJUnit4ClassRunner.java:100)
	at org.junit.runners.ParentRunner.runLeaf(ParentRunner.java:366)
	at org.junit.runners.BlockJUnit4ClassRunner.runChild(BlockJUnit4ClassRunner.java:103)
	at org.junit.runners.BlockJUnit4ClassRunner.runChild(BlockJUnit4ClassRunner.java:63)
	at org.junit.runners.ParentRunner$4.run(ParentRunner.java:331)
	at org.junit.runners.ParentRunner$1.schedule(ParentRunner.java:79)
	at org.junit.runners.ParentRunner.runChildren(ParentRunner.java:329)
	at org.junit.runners.ParentRunner.access$100(ParentRunner.java:66)
	at org.junit.runners.ParentRunner$2.evaluate(ParentRunner.java:293)
	at org.junit.runners.ParentRunner$3.evaluate(ParentRunner.java:306)
	at org.junit.runners.ParentRunner.run(ParentRunner.java:413)
	at org.gradle.api.internal.tasks.testing.junit.JUnitTestClassExecutor.runTestClass(JUnitTestClassExecutor.java:112)
	at org.gradle.api.internal.tasks.testing.junit.JUnitTestClassExecutor.execute(JUnitTestClassExecutor.java:58)
	at org.gradle.api.internal.tasks.testing.junit.JUnitTestClassExecutor.execute(JUnitTestClassExecutor.java:40)
	at org.gradle.api.internal.tasks.testing.junit.AbstractJUnitTestClassProcessor.processTestClass(AbstractJUnitTestClassProcessor.java:54)
	at org.gradle.api.internal.tasks.testing.SuiteTestClassProcessor.processTestClass(SuiteTestClassProcessor.java:53)
	at java.base/jdk.internal.reflect.DirectMethodHandleAccessor.invoke(DirectMethodHandleAccessor.java:103)
	at java.base/java.lang.reflect.Method.invoke(Method.java:580)
	at org.gradle.internal.dispatch.ReflectionDispatch.dispatch(ReflectionDispatch.java:36)
	at org.gradle.internal.dispatch.ReflectionDispatch.dispatch(ReflectionDispatch.java:24)
	at org.gradle.internal.dispatch.ContextClassLoaderDispatch.dispatch(ContextClassLoaderDispatch.java:33)
	at org.gradle.internal.dispatch.ProxyDispatchAdapter$DispatchingInvocationHandler.invoke(ProxyDispatchAdapter.java:92)
	at jdk.proxy2/jdk.proxy2.$Proxy6.processTestClass(Unknown Source)
	at org.gradle.api.internal.tasks.testing.worker.TestWorker$2.run(TestWorker.java:183)
	at org.gradle.api.internal.tasks.testing.worker.TestWorker.executeAndMaintainThreadName(TestWorker.java:132)
	at org.gradle.api.internal.tasks.testing.worker.TestWorker.execute(TestWorker.java:103)
	at org.gradle.api.internal.tasks.testing.worker.TestWorker.execute(TestWorker.java:63)
	at org.gradle.process.internal.worker.child.ActionExecutionWorker.execute(ActionExecutionWorker.java:56)
	at org.gradle.process.internal.worker.child.SystemApplicationClassLoaderWorker.call(SystemApplicationClassLoaderWorker.java:121)
	at org.gradle.process.internal.worker.child.SystemApplicationClassLoaderWorker.call(SystemApplicationClassLoaderWorker.java:71)
	at worker.org.gradle.process.internal.worker.GradleWorkerMain.run(GradleWorkerMain.java:69)
	at worker.org.gradle.process.internal.worker.GradleWorkerMain.main(GradleWorkerMain.java:74)
Caused by: gov.nasa.jpf.vm.ClassParseException: Unsupported class file version: 67
	at gov.nasa.jpf.util.BinaryClassSource.error(BinaryClassSource.java:264)
	at gov.nasa.jpf.jvm.ClassFile.parse(ClassFile.java:950)
	at gov.nasa.jpf.jvm.JVMClassInfo$Initializer.<init>(JVMClassInfo.java:80)
	at gov.nasa.jpf.jvm.JVMClassInfo.<init>(JVMClassInfo.java:770)
	at gov.nasa.jpf.jvm.JVMClassFileContainer$JVMClassFileMatch.createClassInfo(JVMClassFileContainer.java:59)
	at gov.nasa.jpf.jvm.JVMClassFileContainer$JVMClassFileMatch.createClassInfo(JVMClassFileContainer.java:34)
	at gov.nasa.jpf.vm.ClassLoaderInfo.getResolvedClassInfo(ClassLoaderInfo.java:356)
	... 62 more
gov.nasa.jpf.vm.ClassInfoException: error parsing class
	at gov.nasa.jpf.vm.ClassLoaderInfo.getResolvedClassInfo(ClassLoaderInfo.java:359)
	at gov.nasa.jpf.vm.SystemClassLoaderInfo.getResolvedClassInfo(SystemClassLoaderInfo.java:148)
	at gov.nasa.jpf.vm.ClassLoaderInfo.getCurrentResolvedClassInfo(ClassLoaderInfo.java:152)
	at gov.nasa.jpf.jvm.JVMClassInfo$Initializer.setBootstrapMethod(JVMClassInfo.java:178)
	at gov.nasa.jpf.jvm.ClassFile.setBootstrapMethod(ClassFile.java:695)
	at gov.nasa.jpf.jvm.ClassFile.parseBootstrapMethodAttr(ClassFile.java:1532)
	at gov.nasa.jpf.jvm.JVMClassInfo$Initializer.setClassAttribute(JVMClassInfo.java:112)
	at gov.nasa.jpf.jvm.ClassFile.setClassAttribute(ClassFile.java:672)
	at gov.nasa.jpf.jvm.ClassFile.parseClassAttributes(ClassFile.java:1415)
	at gov.nasa.jpf.jvm.ClassFile.parse(ClassFile.java:984)
	at gov.nasa.jpf.jvm.JVMClassInfo$Initializer.<init>(JVMClassInfo.java:80)
	at gov.nasa.jpf.jvm.JVMClassInfo.<init>(JVMClassInfo.java:770)
	at gov.nasa.jpf.jvm.JVMClassFileContainer$JVMClassFileMatch.createClassInfo(JVMClassFileContainer.java:59)
	at gov.nasa.jpf.jvm.JVMClassFileContainer$JVMClassFileMatch.createClassInfo(JVMClassFileContainer.java:34)
	at gov.nasa.jpf.vm.ClassLoaderInfo.getResolvedClassInfo(ClassLoaderInfo.java:356)
	at gov.nasa.jpf.vm.SystemClassLoaderInfo.getResolvedClassInfo(SystemClassLoaderInfo.java:148)
	at gov.nasa.jpf.vm.VM.getStartupSystemClassInfos(VM.java:444)
	at gov.nasa.jpf.vm.VM.initializeMainThread(VM.java:563)
	at gov.nasa.jpf.vm.MultiProcessVM.initialize(MultiProcessVM.java:187)
	at gov.nasa.jpf.JPF.run(JPF.java:611)
	at gov.nasa.jpf.util.test.TestJPF.createAndRunJPF(TestJPF.java:675)
	at gov.nasa.jpf.util.test.TestJPF.noPropertyViolation(TestJPF.java:806)
	at gov.nasa.jpf.util.test.TestMultiProcessJPF.mpVerifyNoPropertyViolation(TestMultiProcessJPF.java:72)
	at net.nas.SocketTest.testHash(SocketTest.java:79)
	at java.base/jdk.internal.reflect.DirectMethodHandleAccessor.invoke(DirectMethodHandleAccessor.java:103)
	at java.base/java.lang.reflect.Method.invoke(Method.java:580)
	at org.junit.runners.model.FrameworkMethod$1.runReflectiveCall(FrameworkMethod.java:59)
	at org.junit.internal.runners.model.ReflectiveCallable.run(ReflectiveCallable.java:12)
	at org.junit.runners.model.FrameworkMethod.invokeExplosively(FrameworkMethod.java:56)
	at org.junit.internal.runners.statements.InvokeMethod.evaluate(InvokeMethod.java:17)
	at org.junit.runners.ParentRunner$3.evaluate(ParentRunner.java:306)
	at org.junit.runners.BlockJUnit4ClassRunner$1.evaluate(BlockJUnit4ClassRunner.java:100)
	at org.junit.runners.ParentRunner.runLeaf(ParentRunner.java:366)
	at org.junit.runners.BlockJUnit4ClassRunner.runChild(BlockJUnit4ClassRunner.java:103)
	at org.junit.runners.BlockJUnit4ClassRunner.runChild(BlockJUnit4ClassRunner.java:63)
	at org.junit.runners.ParentRunner$4.run(ParentRunner.java:331)
	at org.junit.runners.ParentRunner$1.schedule(ParentRunner.java:79)
	at org.junit.runners.ParentRunner.runChildren(ParentRunner.java:329)
	at org.junit.runners.ParentRunner.access$100(ParentRunner.java:66)
	at org.junit.runners.ParentRunner$2.evaluate(ParentRunner.java:293)
	at org.junit.runners.ParentRunner$3.evaluate(ParentRunner.java:306)
	at org.junit.runners.ParentRunner.run(ParentRunner.java:413)
	at org.gradle.api.internal.tasks.testing.junit.JUnitTestClassExecutor.runTestClass(JUnitTestClassExecutor.java:112)
	at org.gradle.api.internal.tasks.testing.junit.JUnitTestClassExecutor.execute(JUnitTestClassExecutor.java:58)
	at org.gradle.api.internal.tasks.testing.junit.JUnitTestClassExecutor.execute(JUnitTestClassExecutor.java:40)
	at org.gradle.api.internal.tasks.testing.junit.AbstractJUnitTestClassProcessor.processTestClass(AbstractJUnitTestClassProcessor.java:54)
	at org.gradle.api.internal.tasks.testing.SuiteTestClassProcessor.processTestClass(SuiteTestClassProcessor.java:53)
	at java.base/jdk.internal.reflect.DirectMethodHandleAccessor.invoke(DirectMethodHandleAccessor.java:103)
	at java.base/java.lang.reflect.Method.invoke(Method.java:580)
	at org.gradle.internal.dispatch.ReflectionDispatch.dispatch(ReflectionDispatch.java:36)
	at org.gradle.internal.dispatch.ReflectionDispatch.dispatch(ReflectionDispatch.java:24)
	at org.gradle.internal.dispatch.ContextClassLoaderDispatch.dispatch(ContextClassLoaderDispatch.java:33)
	at org.gradle.internal.dispatch.ProxyDispatchAdapter$DispatchingInvocationHandler.invoke(ProxyDispatchAdapter.java:92)
	at jdk.proxy2/jdk.proxy2.$Proxy6.processTestClass(Unknown Source)
	at org.gradle.api.internal.tasks.testing.worker.TestWorker$2.run(TestWorker.java:183)
	at org.gradle.api.internal.tasks.testing.worker.TestWorker.executeAndMaintainThreadName(TestWorker.java:132)
	at org.gradle.api.internal.tasks.testing.worker.TestWorker.execute(TestWorker.java:103)
	at org.gradle.api.internal.tasks.testing.worker.TestWorker.execute(TestWorker.java:63)
	at org.gradle.process.internal.worker.child.ActionExecutionWorker.execute(ActionExecutionWorker.java:56)
	at org.gradle.process.internal.worker.child.SystemApplicationClassLoaderWorker.call(SystemApplicationClassLoaderWorker.java:121)
	at org.gradle.process.internal.worker.child.SystemApplicationClassLoaderWorker.call(SystemApplicationClassLoaderWorker.java:71)
	at worker.org.gradle.process.internal.worker.GradleWorkerMain.run(GradleWorkerMain.java:69)
	at worker.org.gradle.process.internal.worker.GradleWorkerMain.main(GradleWorkerMain.java:74)
Caused by: gov.nasa.jpf.vm.ClassParseException: Unsupported class file version: 67
	at gov.nasa.jpf.util.BinaryClassSource.error(BinaryClassSource.java:264)
	at gov.nasa.jpf.jvm.ClassFile.parse(ClassFile.java:950)
	at gov.nasa.jpf.jvm.JVMClassInfo$Initializer.<init>(JVMClassInfo.java:80)
	at gov.nasa.jpf.jvm.JVMClassInfo.<init>(JVMClassInfo.java:770)
	at gov.nasa.jpf.jvm.JVMClassFileContainer$JVMClassFileMatch.createClassInfo(JVMClassFileContainer.java:59)
	at gov.nasa.jpf.jvm.JVMClassFileContainer$JVMClassFileMatch.createClassInfo(JVMClassFileContainer.java:34)
	at gov.nasa.jpf.vm.ClassLoaderInfo.getResolvedClassInfo(ClassLoaderInfo.java:356)
	... 62 more
gov.nasa.jpf.vm.ClassInfoException: error parsing class
	at gov.nasa.jpf.vm.ClassLoaderInfo.getResolvedClassInfo(ClassLoaderInfo.java:359)
	at gov.nasa.jpf.vm.SystemClassLoaderInfo.getResolvedClassInfo(SystemClassLoaderInfo.java:148)
	at gov.nasa.jpf.vm.ClassLoaderInfo.getCurrentResolvedClassInfo(ClassLoaderInfo.java:152)
	at gov.nasa.jpf.jvm.JVMClassInfo$Initializer.setBootstrapMethod(JVMClassInfo.java:178)
	at gov.nasa.jpf.jvm.ClassFile.setBootstrapMethod(ClassFile.java:695)
	at gov.nasa.jpf.jvm.ClassFile.parseBootstrapMethodAttr(ClassFile.java:1532)
	at gov.nasa.jpf.jvm.JVMClassInfo$Initializer.setClassAttribute(JVMClassInfo.java:112)
	at gov.nasa.jpf.jvm.ClassFile.setClassAttribute(ClassFile.java:672)
	at gov.nasa.jpf.jvm.ClassFile.parseClassAttributes(ClassFile.java:1415)
	at gov.nasa.jpf.jvm.ClassFile.parse(ClassFile.java:984)
	at gov.nasa.jpf.jvm.JVMClassInfo$Initializer.<init>(JVMClassInfo.java:80)
	at gov.nasa.jpf.jvm.JVMClassInfo.<init>(JVMClassInfo.java:770)
	at gov.nasa.jpf.jvm.JVMClassFileContainer$JVMClassFileMatch.createClassInfo(JVMClassFileContainer.java:59)
	at gov.nasa.jpf.jvm.JVMClassFileContainer$JVMClassFileMatch.createClassInfo(JVMClassFileContainer.java:34)
	at gov.nasa.jpf.vm.ClassLoaderInfo.getResolvedClassInfo(ClassLoaderInfo.java:356)
	at gov.nasa.jpf.vm.SystemClassLoaderInfo.getResolvedClassInfo(SystemClassLoaderInfo.java:148)
	at gov.nasa.jpf.vm.VM.getStartupSystemClassInfos(VM.java:444)
	at gov.nasa.jpf.vm.VM.initializeMainThread(VM.java:563)
	at gov.nasa.jpf.vm.MultiProcessVM.initialize(MultiProcessVM.java:187)
	at gov.nasa.jpf.JPF.run(JPF.java:611)
	at gov.nasa.jpf.util.test.TestJPF.createAndRunJPF(TestJPF.java:675)
	at gov.nasa.jpf.util.test.TestJPF.noPropertyViolation(TestJPF.java:806)
	at gov.nasa.jpf.util.test.TestMultiProcessJPF.mpVerifyNoPropertyViolation(TestMultiProcessJPF.java:72)
	at net.nas.SocketTest.testEstablishingConnection(SocketTest.java:30)
	at java.base/jdk.internal.reflect.DirectMethodHandleAccessor.invoke(DirectMethodHandleAccessor.java:103)
	at java.base/java.lang.reflect.Method.invoke(Method.java:580)
	at org.junit.runners.model.FrameworkMethod$1.runReflectiveCall(FrameworkMethod.java:59)
	at org.junit.internal.runners.model.ReflectiveCallable.run(ReflectiveCallable.java:12)
	at org.junit.runners.model.FrameworkMethod.invokeExplosively(FrameworkMethod.java:56)
	at org.junit.internal.runners.statements.InvokeMethod.evaluate(InvokeMethod.java:17)
	at org.junit.runners.ParentRunner$3.evaluate(ParentRunner.java:306)
	at org.junit.runners.BlockJUnit4ClassRunner$1.evaluate(BlockJUnit4ClassRunner.java:100)
	at org.junit.runners.ParentRunner.runLeaf(ParentRunner.java:366)
	at org.junit.runners.BlockJUnit4ClassRunner.runChild(BlockJUnit4ClassRunner.java:103)
	at org.junit.runners.BlockJUnit4ClassRunner.runChild(BlockJUnit4ClassRunner.java:63)
	at org.junit.runners.ParentRunner$4.run(ParentRunner.java:331)
	at org.junit.runners.ParentRunner$1.schedule(ParentRunner.java:79)
	at org.junit.runners.ParentRunner.runChildren(ParentRunner.java:329)
	at org.junit.runners.ParentRunner.access$100(ParentRunner.java:66)
	at org.junit.runners.ParentRunner$2.evaluate(ParentRunner.java:293)
	at org.junit.runners.ParentRunner$3.evaluate(ParentRunner.java:306)
	at org.junit.runners.ParentRunner.run(ParentRunner.java:413)
	at org.gradle.api.internal.tasks.testing.junit.JUnitTestClassExecutor.runTestClass(JUnitTestClassExecutor.java:112)
	at org.gradle.api.internal.tasks.testing.junit.JUnitTestClassExecutor.execute(JUnitTestClassExecutor.java:58)
	at org.gradle.api.internal.tasks.testing.junit.JUnitTestClassExecutor.execute(JUnitTestClassExecutor.java:40)
	at org.gradle.api.internal.tasks.testing.junit.AbstractJUnitTestClassProcessor.processTestClass(AbstractJUnitTestClassProcessor.java:54)
	at org.gradle.api.internal.tasks.testing.SuiteTestClassProcessor.processTestClass(SuiteTestClassProcessor.java:53)
	at java.base/jdk.internal.reflect.DirectMethodHandleAccessor.invoke(DirectMethodHandleAccessor.java:103)
	at java.base/java.lang.reflect.Method.invoke(Method.java:580)
	at org.gradle.internal.dispatch.ReflectionDispatch.dispatch(ReflectionDispatch.java:36)
	at org.gradle.internal.dispatch.ReflectionDispatch.dispatch(ReflectionDispatch.java:24)
	at org.gradle.internal.dispatch.ContextClassLoaderDispatch.dispatch(ContextClassLoaderDispatch.java:33)
	at org.gradle.internal.dispatch.ProxyDispatchAdapter$DispatchingInvocationHandler.invoke(ProxyDispatchAdapter.java:92)
	at jdk.proxy2/jdk.proxy2.$Proxy6.processTestClass(Unknown Source)
	at org.gradle.api.internal.tasks.testing.worker.TestWorker$2.run(TestWorker.java:183)
	at org.gradle.api.internal.tasks.testing.worker.TestWorker.executeAndMaintainThreadName(TestWorker.java:132)
	at org.gradle.api.internal.tasks.testing.worker.TestWorker.execute(TestWorker.java:103)
	at org.gradle.api.internal.tasks.testing.worker.TestWorker.execute(TestWorker.java:63)
	at org.gradle.process.internal.worker.child.ActionExecutionWorker.execute(ActionExecutionWorker.java:56)
	at org.gradle.process.internal.worker.child.SystemApplicationClassLoaderWorker.call(SystemApplicationClassLoaderWorker.java:121)
	at org.gradle.process.internal.worker.child.SystemApplicationClassLoaderWorker.call(SystemApplicationClassLoaderWorker.java:71)
	at worker.org.gradle.process.internal.worker.GradleWorkerMain.run(GradleWorkerMain.java:69)
	at worker.org.gradle.process.internal.worker.GradleWorkerMain.main(GradleWorkerMain.java:74)
Caused by: gov.nasa.jpf.vm.ClassParseException: Unsupported class file version: 67
	at gov.nasa.jpf.util.BinaryClassSource.error(BinaryClassSource.java:264)
	at gov.nasa.jpf.jvm.ClassFile.parse(ClassFile.java:950)
	at gov.nasa.jpf.jvm.JVMClassInfo$Initializer.<init>(JVMClassInfo.java:80)
	at gov.nasa.jpf.jvm.JVMClassInfo.<init>(JVMClassInfo.java:770)
	at gov.nasa.jpf.jvm.JVMClassFileContainer$JVMClassFileMatch.createClassInfo(JVMClassFileContainer.java:59)
	at gov.nasa.jpf.jvm.JVMClassFileContainer$JVMClassFileMatch.createClassInfo(JVMClassFileContainer.java:34)
	at gov.nasa.jpf.vm.ClassLoaderInfo.getResolvedClassInfo(ClassLoaderInfo.java:356)
	... 62 more
gov.nasa.jpf.vm.ClassInfoException: error parsing class
	at gov.nasa.jpf.vm.ClassLoaderInfo.getResolvedClassInfo(ClassLoaderInfo.java:359)
	at gov.nasa.jpf.vm.SystemClassLoaderInfo.getResolvedClassInfo(SystemClassLoaderInfo.java:148)
	at gov.nasa.jpf.vm.ClassLoaderInfo.getCurrentResolvedClassInfo(ClassLoaderInfo.java:152)
	at gov.nasa.jpf.jvm.JVMClassInfo$Initializer.setBootstrapMethod(JVMClassInfo.java:178)
	at gov.nasa.jpf.jvm.ClassFile.setBootstrapMethod(ClassFile.java:695)
	at gov.nasa.jpf.jvm.ClassFile.parseBootstrapMethodAttr(ClassFile.java:1532)
	at gov.nasa.jpf.jvm.JVMClassInfo$Initializer.setClassAttribute(JVMClassInfo.java:112)
	at gov.nasa.jpf.jvm.ClassFile.setClassAttribute(ClassFile.java:672)
	at gov.nasa.jpf.jvm.ClassFile.parseClassAttributes(ClassFile.java:1415)
	at gov.nasa.jpf.jvm.ClassFile.parse(ClassFile.java:984)
	at gov.nasa.jpf.jvm.JVMClassInfo$Initializer.<init>(JVMClassInfo.java:80)
	at gov.nasa.jpf.jvm.JVMClassInfo.<init>(JVMClassInfo.java:770)
	at gov.nasa.jpf.jvm.JVMClassFileContainer$JVMClassFileMatch.createClassInfo(JVMClassFileContainer.java:59)
	at gov.nasa.jpf.jvm.JVMClassFileContainer$JVMClassFileMatch.createClassInfo(JVMClassFileContainer.java:34)
	at gov.nasa.jpf.vm.ClassLoaderInfo.getResolvedClassInfo(ClassLoaderInfo.java:356)
	at gov.nasa.jpf.vm.SystemClassLoaderInfo.getResolvedClassInfo(SystemClassLoaderInfo.java:148)
	at gov.nasa.jpf.vm.VM.getStartupSystemClassInfos(VM.java:444)
	at gov.nasa.jpf.vm.VM.initializeMainThread(VM.java:563)
	at gov.nasa.jpf.vm.MultiProcessVM.initialize(MultiProcessVM.java:187)
	at gov.nasa.jpf.JPF.run(JPF.java:611)
	at gov.nasa.jpf.util.test.TestJPF.createAndRunJPF(TestJPF.java:675)
	at gov.nasa.jpf.util.test.TestJPF.propertyViolation(TestJPF.java:974)
	at gov.nasa.jpf.util.test.TestMultiProcessJPF.mpVerifyDeadlock(TestMultiProcessJPF.java:141)
	at net.nas.SocketTest.testDeadlockForBlockedFinalizer_MulitProcessVM(SocketTest.java:166)
	at java.base/jdk.internal.reflect.DirectMethodHandleAccessor.invoke(DirectMethodHandleAccessor.java:103)
	at java.base/java.lang.reflect.Method.invoke(Method.java:580)
	at org.junit.runners.model.FrameworkMethod$1.runReflectiveCall(FrameworkMethod.java:59)
	at org.junit.internal.runners.model.ReflectiveCallable.run(ReflectiveCallable.java:12)
	at org.junit.runners.model.FrameworkMethod.invokeExplosively(FrameworkMethod.java:56)
	at org.junit.internal.runners.statements.InvokeMethod.evaluate(InvokeMethod.java:17)
	at org.junit.runners.ParentRunner$3.evaluate(ParentRunner.java:306)
	at org.junit.runners.BlockJUnit4ClassRunner$1.evaluate(BlockJUnit4ClassRunner.java:100)
	at org.junit.runners.ParentRunner.runLeaf(ParentRunner.java:366)
	at org.junit.runners.BlockJUnit4ClassRunner.runChild(BlockJUnit4ClassRunner.java:103)
	at org.junit.runners.BlockJUnit4ClassRunner.runChild(BlockJUnit4ClassRunner.java:63)
	at org.junit.runners.ParentRunner$4.run(ParentRunner.java:331)
	at org.junit.runners.ParentRunner$1.schedule(ParentRunner.java:79)
	at org.junit.runners.ParentRunner.runChildren(ParentRunner.java:329)
	at org.junit.runners.ParentRunner.access$100(ParentRunner.java:66)
	at org.junit.runners.ParentRunner$2.evaluate(ParentRunner.java:293)
	at org.junit.runners.ParentRunner$3.evaluate(ParentRunner.java:306)
	at org.junit.runners.ParentRunner.run(ParentRunner.java:413)
	at org.gradle.api.internal.tasks.testing.junit.JUnitTestClassExecutor.runTestClass(JUnitTestClassExecutor.java:112)
	at org.gradle.api.internal.tasks.testing.junit.JUnitTestClassExecutor.execute(JUnitTestClassExecutor.java:58)
	at org.gradle.api.internal.tasks.testing.junit.JUnitTestClassExecutor.execute(JUnitTestClassExecutor.java:40)
	at org.gradle.api.internal.tasks.testing.junit.AbstractJUnitTestClassProcessor.processTestClass(AbstractJUnitTestClassProcessor.java:54)
	at org.gradle.api.internal.tasks.testing.SuiteTestClassProcessor.processTestClass(SuiteTestClassProcessor.java:53)
	at java.base/jdk.internal.reflect.DirectMethodHandleAccessor.invoke(DirectMethodHandleAccessor.java:103)
	at java.base/java.lang.reflect.Method.invoke(Method.java:580)
	at org.gradle.internal.dispatch.ReflectionDispatch.dispatch(ReflectionDispatch.java:36)
	at org.gradle.internal.dispatch.ReflectionDispatch.dispatch(ReflectionDispatch.java:24)
	at org.gradle.internal.dispatch.ContextClassLoaderDispatch.dispatch(ContextClassLoaderDispatch.java:33)
	at org.gradle.internal.dispatch.ProxyDispatchAdapter$DispatchingInvocationHandler.invoke(ProxyDispatchAdapter.java:92)
	at jdk.proxy2/jdk.proxy2.$Proxy6.processTestClass(Unknown Source)
	at org.gradle.api.internal.tasks.testing.worker.TestWorker$2.run(TestWorker.java:183)
	at org.gradle.api.internal.tasks.testing.worker.TestWorker.executeAndMaintainThreadName(TestWorker.java:132)
	at org.gradle.api.internal.tasks.testing.worker.TestWorker.execute(TestWorker.java:103)
	at org.gradle.api.internal.tasks.testing.worker.TestWorker.execute(TestWorker.java:63)
	at org.gradle.process.internal.worker.child.ActionExecutionWorker.execute(ActionExecutionWorker.java:56)
	at org.gradle.process.internal.worker.child.SystemApplicationClassLoaderWorker.call(SystemApplicationClassLoaderWorker.java:121)
	at org.gradle.process.internal.worker.child.SystemApplicationClassLoaderWorker.call(SystemApplicationClassLoaderWorker.java:71)
	at worker.org.gradle.process.internal.worker.GradleWorkerMain.run(GradleWorkerMain.java:69)
	at worker.org.gradle.process.internal.worker.GradleWorkerMain.main(GradleWorkerMain.java:74)
Caused by: gov.nasa.jpf.vm.ClassParseException: Unsupported class file version: 67
	at gov.nasa.jpf.util.BinaryClassSource.error(BinaryClassSource.java:264)
	at gov.nasa.jpf.jvm.ClassFile.parse(ClassFile.java:950)
	at gov.nasa.jpf.jvm.JVMClassInfo$Initializer.<init>(JVMClassInfo.java:80)
	at gov.nasa.jpf.jvm.JVMClassInfo.<init>(JVMClassInfo.java:770)
	at gov.nasa.jpf.jvm.JVMClassFileContainer$JVMClassFileMatch.createClassInfo(JVMClassFileContainer.java:59)
	at gov.nasa.jpf.jvm.JVMClassFileContainer$JVMClassFileMatch.createClassInfo(JVMClassFileContainer.java:34)
	at gov.nasa.jpf.vm.ClassLoaderInfo.getResolvedClassInfo(ClassLoaderInfo.java:356)
	... 62 more
]]></system-err>
</testsuite>
